Название вызванной функции: hello_worldm
Дата вызова: 2023-02-12 23:12:01.674980 
()
{}
Возвращаемое значение: Hello World 

Название вызванной функции: summatorm
Дата вызова: 2023-02-12 23:12:01.674980 
(2, 2)
{}
Возвращаемое значение: 4 

Название вызванной функции: divm
Дата вызова: 2023-02-12 23:12:01.674980 
(6, 2)
{}
Возвращаемое значение: 3.0 

Название вызванной функции: summatorm
Дата вызова: 2023-02-12 23:12:01.674980 
(4.3,)
{'b': 2.2}
Возвращаемое значение: 6.5 

Название вызванной функции: summatorm
Дата вызова: 2023-02-12 23:12:01.674980 
()
{'a': 0, 'b': 0}
Возвращаемое значение: 0 

